CHANGELOG:

= v4.2.6 (27/03/2017) =
* Bug fixes
	- Fixed a bug related to double sum of the second product in the cart.

= v4.2.4 (13/03/2017) =
* Features
	- Rollout to Uruguay. This plugin is now supporting Uruguay for Basic Checkout with its local language translations.
* Improvements
	- Conformity with Argentina's E 51/2017 resolution to show up CFT/TEA amounts;
	- Removed decimals from Chile and Colombia currencies, as they aren't used.

= v4.2.3 (12/12/2016) =
* Improvements
	- Analytics of module checkout.

= v4.2.2 (24/11/2016) =
* Improvements
	- Analytics of module settings.

= v4.2.1 (04/11/2016) =
* Features
	- Two Card Payment Configuration. Merchants can configure this feature in back-office through settings page.
* Improvements
	- Improved some visual interface (plugin manager and payment methods).
* Bug fixes
	- Fixed a SSL issue related to ticket solution (the open locker) in gateway selection.

= v4.2.0 (14/09/2016) =
* Features
	- Custom Checkout for LatAm. Offer a checkout fully customized to your brand experience with our simple-to-use payments API. Want to see how it works on-the-fly? Please check this video: <a href="TODO">Custom Checkout + Customer Cards</a>;
	- Ticket for LatAm. Now, customer can pay orders with bank tickets. Want to see how it works on-the-fly? Please check this video: <a href="TODO">Tickets</a>.
* Improvements
	- Several little improvements for Basic Checkout.

= v4.1.0 (22/08/2016) =
* Improvements
	- Wrapped the module as an WordPress Plugin Directory.

= v4.0.0 (20/08/2016) =
* Features
	- LatAm Basic Checkout support. Great for merchants who want to get going quickly and easily. This is the basic payment integration with Mercado Pago. Want to see how it works on-the-fly? Please check this video: <a href="https://www.youtube.com/watch?v=DgOsX1eXjBU">Standard Checkout</a>
* Improvements
	- Improved set of configurable fields and customizations. Title, description, category, and external reference customizations, integrations via iframe, modal, and redirection, with configurable auto-returning, max installments and payment method exclusion setup;
	- Checkout flow with a more complete integration;
	- Metafiles standardization (readme, changelo, etc).
